<?xml version="1.0" encoding="UTF-8"?>
<!-- Generated by org.testng.reporters.JUnitXMLReporter -->
<testsuite ignored="0" hostname="Manthan" failures="0" tests="4" name="Surefire test" time="15.181" errors="0" timestamp="2025-07-09T16:18:40 IST">
  <testcase classname="testNG.OrangeHrmTest" name="openapp2" time="4.64"/>
  <testcase classname="testNG.OrangeHrmTest" name="logotest34" time="5.066"/>
  <testcase classname="testNG.OrangeHrmTest" name="testlogin443" time="0.215"/>
  <testcase classname="testNG.OrangeHrmTest" name="testlogout998" time="5.212"/>
</testsuite> <!-- Surefire test -->
