<?xml version="1.0" encoding="UTF-8"?>
<!-- Generated by org.testng.reporters.JUnitXMLReporter -->
<testsuite ignored="0" hostname="Manthan" failures="0" tests="3" name="Test2" time="65.563" errors="0" timestamp="2025-06-23T17:33:22 IST">
  <testcase classname="dataProvider.Dataprovider_using_XML" name="testlogo" time="0.235"/>
  <testcase classname="dataProvider.Dataprovider_using_XML" name="testTitle" time="0.011"/>
  <testcase classname="dataProvider.Dataprovider_using_XML" name="testURL" time="0.009"/>
</testsuite> <!-- Test2 -->
