<?xml version="1.0" encoding="UTF-8"?>
<!-- Generated by org.testng.reporters.JUnitXMLReporter -->
<testsuite ignored="0" hostname="Manthan" failures="0" tests="11" name="Test" time="17.97" errors="0" timestamp="2025-07-04T17:46:10 IST">
  <testcase classname="testNG.OrangeHrmTest" name="openapp2" time="6.839"/>
  <testcase classname="testNG.OrangeHrmTest" name="logotest34" time="5.078"/>
  <testcase classname="testNG.OrangeHrmTest" name="testlogin443" time="0.332"/>
  <testcase classname="testNG.OrangeHrmTest" name="testlogout998" time="5.455"/>
  <testcase classname="testNG.BeforeClass_AfterrClass" name="search3r4r" time="0.001"/>
  <testcase classname="testNG.BeforeClass_AfterrClass" name="advancedsearch566" time="0.002"/>
  <testcase classname="testNG.FirstTestcase" name="openapp111" time="0.002"/>
  <testcase classname="testNG.FirstTestcase" name="login2" time="0.002"/>
  <testcase classname="testNG.FirstTestcase" name="logout3" time="0.003"/>
  <testcase classname="testNG.Beforemethods_Aftermethods" name="search100" time="0.004"/>
  <testcase classname="testNG.Beforemethods_Aftermethods" name="advancedsearch101" time="0.002"/>
</testsuite> <!-- Test -->
