<?xml version="1.0" encoding="UTF-8"?>
<!-- Generated by org.testng.reporters.JUnitXMLReporter -->
<testsuite ignored="0" hostname="Manthan" failures="0" tests="3" name="Test4" time="61.218" errors="0" timestamp="2025-06-23T14:25:29 IST">
  <testcase classname="dataProvider.Dataprovider_using_XML" name="testlogo" time="0.074"/>
  <testcase classname="dataProvider.Dataprovider_using_XML" name="testTitle" time="0.018"/>
  <testcase classname="dataProvider.Dataprovider_using_XML" name="testURL" time="0.014"/>
</testsuite> <!-- Test4 -->
